#
# A fatal error has been detected by the Java Runtime Environment:
#
#  EXCEPTION_ACCESS_VIOLATION (0xc0000005) at pc=0x00007ffedd6f0252, pid=15652, tid=18472
#
# JRE version: OpenJDK Runtime Environment Temurin-17.0.7+7 (17.0.7+7) (build 17.0.7+7)
# Java VM: OpenJDK 64-Bit Server VM Temurin-17.0.7+7 (17.0.7+7, mixed mode, sharing, tiered, compressed oops, compressed class ptrs, g1 gc, windows-amd64)
# Problematic frame:
# V  [jvm.dll+0x1c0252]
#
# No core dump will be written. Minidumps are not enabled by default on client versions of Windows
#
# If you would like to submit a bug report, please visit:
#   https://github.com/adoptium/adoptium-support/issues
#

---------------  S U M M A R Y ------------

Command Line: -Dfile.encoding=UTF-8 ch.emf.Application_Demonstration.app.App

Host: 12th Gen Intel(R) Core(TM) i7-12700K, 20 cores, 15G,  Windows 10 , 64 bit Build 19041 (10.0.19041.3636)
Time: Thu Jun  6 13:44:07 2024 Europe de l , 64 bit Build 19041 (10.0.19041.3636) elapsed time: 12.195228 seconds (0d 0h 0m 12s)

---------------  T H R E A D  ---------------

Current thread (0x0000026b7eed9920):  JavaThread "C2 CompilerThread0" daemon [_thread_in_native, id=18472, stack(0x0000009812800000,0x0000009812900000)]


Current CompileTask:
C2:  12195 2772       4       javafx.scene.Node::getScene (11 bytes)

Stack: [0x0000009812800000,0x0000009812900000],  sp=0x00000098128fbc50,  free space=1007k
Native frames: (J=compiled Java code, j=interpreted, Vv=VM code, C=native code)
V  [jvm.dll+0x1c0252]
V  [jvm.dll+0x1bc8c9]
V  [jvm.dll+0x219799]
V  [jvm.dll+0x218a61]
V  [jvm.dll+0x1a4d8d]
V  [jvm.dll+0x2284da]
V  [jvm.dll+0x226615]
V  [jvm.dll+0x7ea90b]
V  [jvm.dll+0x7e4e7a]
V  [jvm.dll+0x676395]
C  [ucrtbase.dll+0x21bb2]
C  [KERNEL32.DLL+0x17344]
C  [ntdll.dll+0x526b1]


siginfo: EXCEPTION_ACCESS_VIOLATION (0xc0000005), reading address 0x000000000000002d


Register to memory mapping:

RIP=0x00007ffedd6f0252 jvm.dll
RAX=0x00000098128fbe70 is pointing into the stack for thread: 0x0000026b7eed9920
RBX=0x0 is NULL
RCX=0x000000000000002d is an unknown value
RDX=0x0000000000000160 is an unknown value
RSP=0x00000098128fbc50 is pointing into the stack for thread: 0x0000026b7eed9920
RBP=0x00000098128fbd50 is pointing into the stack for thread: 0x0000026b7eed9920
RSI=0x0000026b0b467078 points into unknown readable memory: 0x00007ffedde14c78 | 78 4c e1 dd fe 7f 00 00
RDI=0x000000000000002d is an unknown value
R8 =0x0 is NULL
R9 =0x0000000000000001 is an unknown value
R10=0x0000000000000003 is an unknown value
R11=0x0000026b0be4d740 points into unknown readable memory: 0x0000026b7efea920 | 20 a9 fe 7e 6b 02 00 00
R12=0x0 is NULL
R13=0x0000026b0b46aa28 points into unknown readable memory: 0x00007ffedde4b3c0 | c0 b3 e4 dd fe 7f 00 00
R14=0x00000098128fc210 is pointing into the stack for thread: 0x0000026b7eed9920
R15=0x0000026b0be4d990 points into unknown readable memory: 0x0000026b7efed9f0 | f0 d9 fe 7e 6b 02 00 00


Registers:
RAX=0x00000098128fbe70, RBX=0x0000000000000000, RCX=0x000000000000002d, RDX=0x0000000000000160
RSP=0x00000098128fbc50, RBP=0x00000098128fbd50, RSI=0x0000026b0b467078, RDI=0x000000000000002d
R8 =0x0000000000000000, R9 =0x0000000000000001, R10=0x0000000000000003, R11=0x0000026b0be4d740
R12=0x0000000000000000, R13=0x0000026b0b46aa28, R14=0x00000098128fc210, R15=0x0000026b0be4d990
RIP=0x00007ffedd6f0252, EFLAGS=0x0000000000010206

Top of Stack: (sp=0x00000098128fbc50)
0x00000098128fbc50:   0000026b0b467078 0000000000000001
0x00000098128fbc60:   00000098128fc210 0000026b0be4d5a0
0x00000098128fbc70:   0000026b7f0fcfd0 0000026b7f0fcfc0
0x00000098128fbc80:   0000000000000000 0000000100000002
0x00000098128fbc90:   0000000100000001 0000026b0be4d740
0x00000098128fbca0:   00000098128fbcd0 00000098128fbcc0
0x00000098128fbcb0:   0000026b0b46aa28 000000000000000d
0x00000098128fbcc0:   0000000100000001 00000098128fbcd0
0x00000098128fbcd0:   0000026b0be4d740 000000000000000e
0x00000098128fbce0:   0000000000000000 0000000000000000
0x00000098128fbcf0:   0000026b0aa2c6a8 0000000000000020
0x00000098128fbd00:   0000026b7f0fcd40 0000000000000020
0x00000098128fbd10:   0000026b7eec5ae0 0000026b7f0faa60
0x00000098128fbd20:   0000000000010388 0000026b7f0fc360
0x00000098128fbd30:   0000026b7f102a48 00007ffe00000002
0x00000098128fbd40:   0000026b7f0fcc90 0000009800000002 

Instructions: (pc=0x00007ffedd6f0252)
0x00007ffedd6f0152:   48 8b 44 24 78 41 8b c9 48 c1 e9 08 48 8b 14 c8
0x00007ffedd6f0162:   41 0f b6 c9 49 c1 e9 06 80 e1 3f 41 83 e1 03 49
0x00007ffedd6f0172:   d3 e0 49 8b c0 48 f7 d0 4a 8b 0c ca 48 23 c1 4a
0x00007ffedd6f0182:   89 04 ca 49 85 c8 74 04 ff 4c 24 70 48 8b 06 48
0x00007ffedd6f0192:   8b ce ff 90 88 00 00 00 48 85 c0 0f 84 a2 01 00
0x00007ffedd6f01a2:   00 83 7c 24 70 00 0f 84 97 01 00 00 8b 44 24 74
0x00007ffedd6f01b2:   33 c9 4c 8b 7d 78 44 8b c1 89 44 24 44 48 8b 44
0x00007ffedd6f01c2:   24 78 48 89 44 24 50 48 8d 44 24 70 48 89 44 24
0x00007ffedd6f01d2:   58 48 89 4c 24 30 89 4c 24 38 48 c7 44 24 3c 04
0x00007ffedd6f01e2:   00 00 00 48 89 4c 24 48 66 0f 1f 44 00 00 4d 85
0x00007ffedd6f01f2:   c0 74 1d 8b 44 24 38 49 0f bc d0 8b ca 49 d3 e8
0x00007ffedd6f0202:   49 ff c8 03 c2 4c 89 44 24 30 89 44 24 38 eb 1f
0x00007ffedd6f0212:   83 7c 24 3c 04 72 0e 8b 44 24 44 39 44 24 40 0f
0x00007ffedd6f0222:   83 1a 01 00 00 48 8d 4c 24 30 e8 ff 9a 1a 00 85
0x00007ffedd6f0232:   c0 0f 84 08 01 00 00 8b c8 49 8b 46 70 48 69 d1
0x00007ffedd6f0242:   b0 00 00 00 48 8b 48 20 48 8b 7c 0a 18 48 8b cf
0x00007ffedd6f0252:   48 8b 07 ff 50 28 48 63 50 10 8d 4a ef 83 f9 06
0x00007ffedd6f0262:   0f 87 b8 00 00 00 83 78 24 00 0f 84 ae 00 00 00
0x00007ffedd6f0272:   48 8b c2 48 8d 0d f4 6d 95 00 48 c1 e0 05 80 3c
0x00007ffedd6f0282:   08 00 75 0f 4c 8b 44 24 30 bf 01 00 00 00 e9 5b
0x00007ffedd6f0292:   ff ff ff 4c 8d 4d 60 4c 8b c7 49 8b d7 49 8b ce
0x00007ffedd6f02a2:   e8 a9 e5 ff ff 48 8b d7 48 8b ce 48 8b d8 e8 5b
0x00007ffedd6f02b2:   32 49 00 48 8b d3 48 8b ce e8 50 32 49 00 44 8b
0x00007ffedd6f02c2:   53 28 49 8b 86 08 01 00 00 49 63 ca 44 8b 0c 88
0x00007ffedd6f02d2:   45 3b 8e e0 00 00 00 73 2e 48 8b 44 24 78 41 8b
0x00007ffedd6f02e2:   d1 48 c1 ea 08 45 8b c1 49 c1 e8 06 41 83 e0 03
0x00007ffedd6f02f2:   48 8b 14 d0 41 0f b6 c1 24 3f 0f b6 c8 4a 8b 04
0x00007ffedd6f0302:   c2 48 0f a3 c8 72 17 45 85 c9 74 12 49 8b 46 48
0x00007ffedd6f0312:   48 8b 48 78 4e 39 2c d1 75 13 0f 1f 40 00 4c 8b
0x00007ffedd6f0322:   44 24 30 bf 01 00 00 00 e9 c1 fe ff ff 4c 8b 44
0x00007ffedd6f0332:   24 30 bf 01 00 00 00 44 8b e7 e9 af fe ff ff 44
0x00007ffedd6f0342:   8b 7d 68 8b 46 2c 83 e0 0f 3c 0c 0f 84 91 00 00 


Stack slot to memory mapping:
stack at sp + 0 slots: 0x0000026b0b467078 points into unknown readable memory: 0x00007ffedde14c78 | 78 4c e1 dd fe 7f 00 00
stack at sp + 1 slots: 0x0000000000000001 is an unknown value
stack at sp + 2 slots: 0x00000098128fc210 is pointing into the stack for thread: 0x0000026b7eed9920
stack at sp + 3 slots: 0x0000026b0be4d5a0 points into unknown readable memory: 0x0000026b0c0db400 | 00 b4 0d 0c 6b 02 00 00
stack at sp + 4 slots: 0x0000026b7f0fcfd0 points into unknown readable memory: 0x00007ffede09bf48 | 48 bf 09 de fe 7f 00 00
stack at sp + 5 slots: 0x0000026b7f0fcfc0 points into unknown readable memory: 0x0000000000000000 | 00 00 00 00 00 00 00 00
stack at sp + 6 slots: 0x0 is NULL
stack at sp + 7 slots: 0x0000000100000002 is an unknown value


---------------  P R O C E S S  ---------------

Threads class SMR info:
_java_thread_list=0x0000026b0a8a2ee0, length=30, elements={
0x0000026b7ed87d50, 0x0000026b7ed89a70, 0x0000026b7eec9290, 0x0000026b7eec9d50,
0x0000026b7eecc710, 0x0000026b7eecd0c0, 0x0000026b7eed9920, 0x0000026b7ef023e0,
0x0000026b7ef145a0, 0x0000026b7f038b80, 0x0000026b7f042d20, 0x0000026b7f334a80,
0x0000026b7f3e9550, 0x0000026b7f3f0700, 0x0000026b7f704a90, 0x0000026b7f702db0,
0x0000026b7f705430, 0x0000026b7f7045c0, 0x0000026b7f703c20, 0x0000026b7f7040f0,
0x0000026b7f703750, 0x0000026b7f704f60, 0x0000026b0b299010, 0x0000026b0b552050,
0x0000026b7f701f40, 0x0000026b7f180090, 0x0000026b7f180a30, 0x0000026b7f180560,
0x0000026b7f183a50, 0x0000026b0af9a990
}

Java Threads: ( => current thread )
  0x0000026b7ed87d50 JavaThread "Reference Handler" daemon [_thread_blocked, id=5216, stack(0x0000009812200000,0x0000009812300000)]
  0x0000026b7ed89a70 JavaThread "Finalizer" daemon [_thread_blocked, id=9588, stack(0x0000009812300000,0x0000009812400000)]
  0x0000026b7eec9290 JavaThread "Signal Dispatcher" daemon [_thread_blocked, id=5004, stack(0x0000009812400000,0x0000009812500000)]
  0x0000026b7eec9d50 JavaThread "Attach Listener" daemon [_thread_blocked, id=12788, stack(0x0000009812500000,0x0000009812600000)]
  0x0000026b7eecc710 JavaThread "Service Thread" daemon [_thread_blocked, id=7048, stack(0x0000009812600000,0x0000009812700000)]
  0x0000026b7eecd0c0 JavaThread "Monitor Deflation Thread" daemon [_thread_blocked, id=14436, stack(0x0000009812700000,0x0000009812800000)]
=>0x0000026b7eed9920 JavaThread "C2 CompilerThread0" daemon [_thread_in_native, id=18472, stack(0x0000009812800000,0x0000009812900000)]
  0x0000026b7ef023e0 JavaThread "C1 CompilerThread0" daemon [_thread_in_native, id=16016, stack(0x0000009812900000,0x0000009812a00000)]
  0x0000026b7ef145a0 JavaThread "Sweeper thread" daemon [_thread_blocked, id=12516, stack(0x0000009812a00000,0x0000009812b00000)]
  0x0000026b7f038b80 JavaThread "Notification Thread" daemon [_thread_blocked, id=10604, stack(0x0000009812c00000,0x0000009812d00000)]
  0x0000026b7f042d20 JavaThread "Common-Cleaner" daemon [_thread_blocked, id=16964, stack(0x0000009812e00000,0x0000009812f00000)]
  0x0000026b7f334a80 JavaThread "QuantumRenderer-0" daemon [_thread_blocked, id=13332, stack(0x0000009812f00000,0x0000009813000000)]
  0x0000026b7f3e9550 JavaThread "InvokeLaterDispatcher" daemon [_thread_blocked, id=2544, stack(0x0000009813100000,0x0000009813200000)]
  0x0000026b7f3f0700 JavaThread "JavaFX Application Thread" [_thread_in_native, id=7628, stack(0x0000009813200000,0x0000009813300000)]
  0x0000026b7f704a90 JavaThread "DestroyJavaVM" [_thread_blocked, id=13500, stack(0x0000009811b00000,0x0000009811c00000)]
  0x0000026b7f702db0 JavaThread "Prism Font Disposer" daemon [_thread_blocked, id=12208, stack(0x0000009814010000,0x0000009814110000)]
  0x0000026b7f705430 JavaThread "Thread-1" daemon [_thread_in_native, id=4952, stack(0x0000009814110000,0x0000009814210000)]
  0x0000026b7f7045c0 JavaThread "Cleaner-0" daemon [_thread_blocked, id=9572, stack(0x00000098142b0000,0x00000098143b0000)]
  0x0000026b7f703c20 JavaThread "Thread-2" [_thread_in_Java, id=672, stack(0x0000009813410000,0x0000009813510000)]
  0x0000026b7f7040f0 JavaThread "WebSocketConnectReadThread-33" [_thread_blocked, id=11288, stack(0x00000098147c0000,0x00000098148c0000)]
  0x0000026b7f703750 JavaThread "WebSocketWriteThread-34" [_thread_blocked, id=9676, stack(0x00000098148c0000,0x00000098149c0000)]
  0x0000026b7f704f60 JavaThread "connectionLostChecker-1" [_thread_blocked, id=4068, stack(0x00000098149c0000,0x0000009814ac0000)]
  0x0000026b0b299010 JavaThread "C1 CompilerThread1" daemon [_thread_in_native, id=10432, stack(0x0000009814ac0000,0x0000009814bc0000)]
  0x0000026b0b552050 JavaThread "C1 CompilerThread2" daemon [_thread_blocked, id=3408, stack(0x0000009814bc0000,0x0000009814cc0000)]
  0x0000026b7f701f40 JavaThread "TimerQueue" daemon [_thread_blocked, id=10936, stack(0x0000009814fc0000,0x00000098150c0000)]
  0x0000026b7f180090 JavaThread "Java2D Disposer" daemon [_thread_blocked, id=11836, stack(0x00000098151c0000,0x00000098152c0000)]
  0x0000026b7f180a30 JavaThread "AWT-Shutdown" [_thread_blocked, id=9736, stack(0x00000098152c0000,0x00000098153c0000)]
  0x0000026b7f180560 JavaThread "AWT-Windows" daemon [_thread_in_native, id=19444, stack(0x00000098153c0000,0x00000098154c0000)]
  0x0000026b7f183a50 JavaThread "AWT-EventQueue-0" [_thread_blocked, id=13632, stack(0x00000098154c0000,0x00000098155c0000)]
  0x0000026b0af9a990 JavaThread "C2 CompilerThread1" daemon [_thread_in_native, id=13908, stack(0x0000009813510000,0x0000009813610000)]

Other Threads:
  0x0000026b7ed82140 VMThread "VM Thread" [stack: 0x0000009812100000,0x0000009812200000] [id=18144]
  0x0000026b5b0592b0 WatcherThread [stack: 0x0000009812d00000,0x0000009812e00000] [id=13544]
  0x0000026b5b00a4b0 GCTaskThread "GC Thread#0" [stack: 0x0000009811c00000,0x0000009811d00000] [id=13356]
  0x0000026b0a8bf2d0 GCTaskThread "GC Thread#1" [stack: 0x0000009813610000,0x0000009813710000] [id=10876]
  0x0000026b7f115970 GCTaskThread "GC Thread#2" [stack: 0x0000009813710000,0x0000009813810000] [id=2756]
  0x0000026b7f115c20 GCTaskThread "GC Thread#3" [stack: 0x0000009813810000,0x0000009813910000] [id=10244]
  0x0000026b7f115ed0 GCTaskThread "GC Thread#4" [stack: 0x0000009813910000,0x0000009813a10000] [id=11732]
  0x0000026b7f116990 GCTaskThread "GC Thread#5" [stack: 0x0000009813a10000,0x0000009813b10000] [id=20296]
  0x0000026b7fa44cd0 GCTaskThread "GC Thread#6" [stack: 0x0000009813b10000,0x0000009813c10000] [id=14036]
  0x0000026b0a8b1920 GCTaskThread "GC Thread#7" [stack: 0x0000009813c10000,0x0000009813d10000] [id=2228]
  0x0000026b0aea7870 GCTaskThread "GC Thread#8" [stack: 0x00000098143c0000,0x00000098144c0000] [id=668]
  0x0000026b0aea7b20 GCTaskThread "GC Thread#9" [stack: 0x00000098144c0000,0x00000098145c0000] [id=17008]
  0x0000026b0aea8080 GCTaskThread "GC Thread#10" [stack: 0x00000098145c0000,0x00000098146c0000] [id=14100]
  0x0000026b0aea8330 GCTaskThread "GC Thread#11" [stack: 0x00000098146c0000,0x00000098147c0000] [id=10068]
  0x0000026b5b01bf80 ConcurrentGCThread "G1 Main Marker" [stack: 0x0000009811d00000,0x0000009811e00000] [id=22252]
  0x0000026b5b01d130 ConcurrentGCThread "G1 Conc#0" [stack: 0x0000009811e00000,0x0000009811f00000] [id=11248]
  0x0000026b5b06ebe0 ConcurrentGCThread "G1 Refine#0" [stack: 0x0000009811f00000,0x0000009812000000] [id=9036]
  0x0000026b7ec36c00 ConcurrentGCThread "G1 Service" [stack: 0x0000009812000000,0x0000009812100000] [id=22416]

Threads with active compile tasks:
C2 CompilerThread0    12310 2772       4       javafx.scene.Node::getScene (11 bytes)
C1 CompilerThread0    12310 2798   !   3       javafx.scene.CssStyleHelper::lookup (514 bytes)
C1 CompilerThread1    12310 2781       3       com.sun.javafx.collections.TrackableObservableList::<init> (22 bytes)
C2 CompilerThread1    12310 2812       4       javafx.scene.CssStyleHelper::resolveRef (134 bytes)

VM state: not at safepoint (normal execution)

VM Mutex/Monitor currently owned by a thread: None

Heap address: 0x0000000704800000, size: 4024 MB, Compressed Oops mode: Zero based, Oop shift amount: 3

CDS archive(s) mapped at: [0x0000000800000000-0x0000000800bc0000-0x0000000800bc0000), size 12320768, SharedBaseAddress: 0x0000000800000000, ArchiveRelocationMode: 0.
Compressed class space mapped at: 0x0000000801000000-0x0000000841000000, reserved size: 1073741824
Narrow klass base: 0x0000000800000000, Narrow klass shift: 0, Narrow klass range: 0x100000000

GC Precious Log:
 CPUs: 20 total, 20 available
 Memory: 16089M
 Large Page Support: Disabled
 NUMA Support: Disabled
 Compressed Oops: Enabled (Zero based)
 Heap Region Size: 2M
 Heap Min Capacity: 8M
 Heap Initial Capacity: 252M
 Heap Max Capacity: 4024M
 Pre-touch: Disabled
 Parallel Workers: 15
 Concurrent Workers: 4
 Concurrent Refinement Workers: 15
 Periodic GC: Disabled

Heap:
 garbage-first heap   total 258048K, used 21064K [0x0000000704800000, 0x0000000800000000)
  region size 2048K, 8 young (16384K), 2 survivors (4096K)
 Metaspace       used 19512K, committed 19776K, reserved 1114112K
  class space    used 2825K, committed 2944K, reserved 1048576K

Heap Regions: E=young(eden), S=young(survivor), O=old, HS=humongous(starts), HC=humongous(continues), CS=collection set, F=free, OA=open archive, CA=closed archive, TAMS=top-at-mark-start (previous, next)
|   0|0x0000000704800000, 0x0000000704a00000, 0x0000000704a00000|100%| O|  |TAMS 0x0000000704800000, 0x0000000704800000| Untracked 
|   1|0x0000000704a00000, 0x0000000704c00000, 0x0000000704c00000|100%|HS|  |TAMS 0x0000000704a00000, 0x0000000704a00000| Complete 
|   2|0x0000000704c00000, 0x0000000704e00000, 0x0000000704e00000|100%| O|  |TAMS 0x0000000704c00000, 0x0000000704c00000| Untracked 
|   3|0x0000000704e00000, 0x0000000704fad200, 0x0000000705000000| 83%| O|  |TAMS 0x0000000704e00000, 0x0000000704e00000| Untracked 
|   4|0x0000000705000000, 0x0000000705000000, 0x0000000705200000|  0%| F|  |TAMS 0x0000000705000000, 0x0000000705000000| Untracked 
|   5|0x0000000705200000, 0x0000000705200000, 0x0000000705400000|  0%| F|  |TAMS 0x0000000705200000, 0x0000000705200000| Untracked 
|   6|0x0000000705400000, 0x0000000705400000, 0x0000000705600000|  0%| F|  |TAMS 0x0000000705400000, 0x0000000705400000| Untracked 
|   7|0x0000000705600000, 0x0000000705600000, 0x0000000705800000|  0%| F|  |TAMS 0x0000000705600000, 0x0000000705600000| Untracked 
|   8|0x0000000705800000, 0x0000000705800000, 0x0000000705a00000|  0%| F|  |TAMS 0x0000000705800000, 0x0000000705800000| Untracked 
|   9|0x0000000705a00000, 0x0000000705a00000, 0x0000000705c00000|  0%| F|  |TAMS 0x0000000705a00000, 0x0000000705a00000| Untracked 
|  10|0x0000000705c00000, 0x0000000705c00000, 0x0000000705e00000|  0%| F|  |TAMS 0x0000000705c00000, 0x0000000705c00000| Untracked 
|  11|0x0000000705e00000, 0x0000000705e00000, 0x0000000706000000|  0%| F|  |TAMS 0x0000000705e00000, 0x0000000705e00000| Untracked 
|  12|0x0000000706000000, 0x0000000706000000, 0x0000000706200000|  0%| F|  |TAMS 0x0000000706000000, 0x0000000706000000| Untracked 
|  13|0x0000000706200000, 0x0000000706200000, 0x0000000706400000|  0%| F|  |TAMS 0x0000000706200000, 0x0000000706200000| Untracked 
|  14|0x0000000706400000, 0x0000000706400000, 0x0000000706600000|  0%| F|  |TAMS 0x0000000706400000, 0x0000000706400000| Untracked 
|  15|0x0000000706600000, 0x0000000706600000, 0x0000000706800000|  0%| F|  |TAMS 0x0000000706600000, 0x0000000706600000| Untracked 
|  16|0x0000000706800000, 0x0000000706800000, 0x0000000706a00000|  0%| F|  |TAMS 0x0000000706800000, 0x0000000706800000| Untracked 
|  17|0x0000000706a00000, 0x0000000706a00000, 0x0000000706c00000|  0%| F|  |TAMS 0x0000000706a00000, 0x0000000706a00000| Untracked 
|  18|0x0000000706c00000, 0x0000000706c00000, 0x0000000706e00000|  0%| F|  |TAMS 0x0000000706c00000, 0x0000000706c00000| Untracked 
|  19|0x0000000706e00000, 0x0000000706e00000, 0x0000000707000000|  0%| F|  |TAMS 0x0000000706e00000, 0x0000000706e00000| Untracked 
|  20|0x0000000707000000, 0x0000000707000000, 0x0000000707200000|  0%| F|  |TAMS 0x0000000707000000, 0x0000000707000000| Untracked 
|  21|0x0000000707200000, 0x0000000707200000, 0x0000000707400000|  0%| F|  |TAMS 0x0000000707200000, 0x0000000707200000| Untracked 
|  22|0x0000000707400000, 0x0000000707400000, 0x0000000707600000|  0%| F|  |TAMS 0x0000000707400000, 0x0000000707400000| Untracked 
|  23|0x0000000707600000, 0x0000000707600000, 0x0000000707800000|  0%| F|  |TAMS 0x0000000707600000, 0x0000000707600000| Untracked 
|  24|0x0000000707800000, 0x0000000707800000, 0x0000000707a00000|  0%| F|  |TAMS 0x0000000707800000, 0x0000000707800000| Untracked 
|  25|0x0000000707a00000, 0x0000000707a00000, 0x0000000707c00000|  0%| F|  |TAMS 0x0000000707a00000, 0x0000000707a00000| Untracked 
|  26|0x0000000707c00000, 0x0000000707c00000, 0x0000000707e00000|  0%| F|  |TAMS 0x0000000707c00000, 0x0000000707c00000| Untracked 
|  27|0x0000000707e00000, 0x0000000707e00000, 0x0000000708000000|  0%| F|  |TAMS 0x0000000707e00000, 0x0000000707e00000| Untracked 
|  28|0x0000000708000000, 0x0000000708000000, 0x0000000708200000|  0%| F|  |TAMS 0x0000000708000000, 0x0000000708000000| Untracked 
|  29|0x0000000708200000, 0x0000000708200000, 0x0000000708400000|  0%| F|  |TAMS 0x0000000708200000, 0x0000000708200000| Untracked 
|  30|0x0000000708400000, 0x0000000708400000, 0x0000000708600000|  0%| F|  |TAMS 0x0000000708400000, 0x0000000708400000| Untracked 
|  31|0x0000000708600000, 0x0000000708600000, 0x0000000708800000|  0%| F|  |TAMS 0x0000000708600000, 0x0000000708600000| Untracked 
|  32|0x0000000708800000, 0x0000000708800000, 0x0000000708a00000|  0%| F|  |TAMS 0x0000000708800000, 0x0000000708800000| Untracked 
|  33|0x0000000708a00000, 0x0000000708a00000, 0x0000000708c00000|  0%| F|  |TAMS 0x0000000708a00000, 0x0000000708a00000| Untracked 
|  34|0x0000000708c00000, 0x0000000708c00000, 0x0000000708e00000|  0%| F|  |TAMS 0x0000000708c00000, 0x0000000708c00000| Untracked 
|  35|0x0000000708e00000, 0x0000000708e00000, 0x0000000709000000|  0%| F|  |TAMS 0x0000000708e00000, 0x0000000708e00000| Untracked 
|  36|0x0000000709000000, 0x0000000709000000, 0x0000000709200000|  0%| F|  |TAMS 0x0000000709000000, 0x0000000709000000| Untracked 
|  37|0x0000000709200000, 0x0000000709200000, 0x0000000709400000|  0%| F|  |TAMS 0x0000000709200000, 0x0000000709200000| Untracked 
|  38|0x0000000709400000, 0x0000000709400000, 0x0000000709600000|  0%| F|  |TAMS 0x0000000709400000, 0x0000000709400000| Untracked 
|  39|0x0000000709600000, 0x0000000709600000, 0x0000000709800000|  0%| F|  |TAMS 0x0000000709600000, 0x0000000709600000| Untracked 
|  40|0x0000000709800000, 0x0000000709800000, 0x0000000709a00000|  0%| F|  |TAMS 0x0000000709800000, 0x0000000709800000| Untracked 
|  41|0x0000000709a00000, 0x0000000709a00000, 0x0000000709c00000|  0%| F|  |TAMS 0x0000000709a00000, 0x0000000709a00000| Untracked 
|  42|0x0000000709c00000, 0x0000000709c00000, 0x0000000709e00000|  0%| F|  |TAMS 0x0000000709c00000, 0x0000000709c00000| Untracked 
|  43|0x0000000709e00000, 0x0000000709e00000, 0x000000070a000000|  0%| F|  |TAMS 0x0000000709e00000, 0x0000000709e00000| Untracked 
|  44|0x000000070a000000, 0x000000070a000000, 0x000000070a200000|  0%| F|  |TAMS 0x000000070a000000, 0x000000070a000000| Untracked 
|  45|0x000000070a200000, 0x000000070a200000, 0x000000070a400000|  0%| F|  |TAMS 0x000000070a200000, 0x000000070a200000| Untracked 
|  46|0x000000070a400000, 0x000000070a400000, 0x000000070a600000|  0%| F|  |TAMS 0x000000070a400000, 0x000000070a400000| Untracked 
|  47|0x000000070a600000, 0x000000070a600000, 0x000000070a800000|  0%| F|  |TAMS 0x000000070a600000, 0x000000070a600000| Untracked 
|  48|0x000000070a800000, 0x000000070a800000, 0x000000070aa00000|  0%| F|  |TAMS 0x000000070a800000, 0x000000070a800000| Untracked 
|  49|0x000000070aa00000, 0x000000070aa00000, 0x000000070ac00000|  0%| F|  |TAMS 0x000000070aa00000, 0x000000070aa00000| Untracked 
|  50|0x000000070ac00000, 0x000000070ac00000, 0x000000070ae00000|  0%| F|  |TAMS 0x000000070ac00000, 0x000000070ac00000| Untracked 
|  51|0x000000070ae00000, 0x000000070ae00000, 0x000000070b000000|  0%| F|  |TAMS 0x000000070ae00000, 0x000000070ae00000| Untracked 
|  52|0x000000070b000000, 0x000000070b000000, 0x000000070b200000|  0%| F|  |TAMS 0x000000070b000000, 0x000000070b000000| Untracked 
|  53|0x000000070b200000, 0x000000070b200000, 0x000000070b400000|  0%| F|  |TAMS 0x000000070b200000, 0x000000070b200000| Untracked 
|  54|0x000000070b400000, 0x000000070b400000, 0x000000070b600000|  0%| F|  |TAMS 0x000000070b400000, 0x000000070b400000| Untracked 
|  55|0x000000070b600000, 0x000000070b600000, 0x000000070b800000|  0%| F|  |TAMS 0x000000070b600000, 0x000000070b600000| Untracked 
|  56|0x000000070b800000, 0x000000070b800000, 0x000000070ba00000|  0%| F|  |TAMS 0x000000070b800000, 0x000000070b800000| Untracked 
|  57|0x000000070ba00000, 0x000000070ba00000, 0x000000070bc00000|  0%| F|  |TAMS 0x000000070ba00000, 0x000000070ba00000| Untracked 
|  58|0x000000070bc00000, 0x000000070bc00000, 0x000000070be00000|  0%| F|  |TAMS 0x000000070bc00000, 0x000000070bc00000| Untracked 
|  59|0x000000070be00000, 0x000000070be00000, 0x000000070c000000|  0%| F|  |TAMS 0x000000070be00000, 0x000000070be00000| Untracked 
|  60|0x000000070c000000, 0x000000070c000000, 0x000000070c200000|  0%| F|  |TAMS 0x000000070c000000, 0x000000070c000000| Untracked 
|  61|0x000000070c200000, 0x000000070c200000, 0x000000070c400000|  0%| F|  |TAMS 0x000000070c200000, 0x000000070c200000| Untracked 
|  62|0x000000070c400000, 0x000000070c400000, 0x000000070c600000|  0%| F|  |TAMS 0x000000070c400000, 0x000000070c400000| Untracked 
|  63|0x000000070c600000, 0x000000070c600000, 0x000000070c800000|  0%| F|  |TAMS 0x000000070c600000, 0x000000070c600000| Untracked 
|  64|0x000000070c800000, 0x000000070c800000, 0x000000070ca00000|  0%| F|  |TAMS 0x000000070c800000, 0x000000070c800000| Untracked 
|  65|0x000000070ca00000, 0x000000070ca00000, 0x000000070cc00000|  0%| F|  |TAMS 0x000000070ca00000, 0x000000070ca00000| Untracked 
|  66|0x000000070cc00000, 0x000000070cc00000, 0x000000070ce00000|  0%| F|  |TAMS 0x000000070cc00000, 0x000000070cc00000| Untracked 
|  67|0x000000070ce00000, 0x000000070ce00000, 0x000000070d000000|  0%| F|  |TAMS 0x000000070ce00000, 0x000000070ce00000| Untracked 
|  68|0x000000070d000000, 0x000000070d000000, 0x000000070d200000|  0%| F|  |TAMS 0x000000070d000000, 0x000000070d000000| Untracked 
|  69|0x000000070d200000, 0x000000070d200000, 0x000000070d400000|  0%| F|  |TAMS 0x000000070d200000, 0x000000070d200000| Untracked 
|  70|0x000000070d400000, 0x000000070d400000, 0x000000070d600000|  0%| F|  |TAMS 0x000000070d400000, 0x000000070d400000| Untracked 
|  71|0x000000070d600000, 0x000000070d600000, 0x000000070d800000|  0%| F|  |TAMS 0x000000070d600000, 0x000000070d600000| Untracked 
|  72|0x000000070d800000, 0x000000070d800000, 0x000000070da00000|  0%| F|  |TAMS 0x000000070d800000, 0x000000070d800000| Untracked 
|  73|0x000000070da00000, 0x000000070da00000, 0x000000070dc00000|  0%| F|  |TAMS 0x000000070da00000, 0x000000070da00000| Untracked 
|  74|0x000000070dc00000, 0x000000070dc00000, 0x000000070de00000|  0%| F|  |TAMS 0x000000070dc00000, 0x000000070dc00000| Untracked 
|  75|0x000000070de00000, 0x000000070de00000, 0x000000070e000000|  0%| F|  |TAMS 0x000000070de00000, 0x000000070de00000| Untracked 
|  76|0x000000070e000000, 0x000000070e000000, 0x000000070e200000|  0%| F|  |TAMS 0x000000070e000000, 0x000000070e000000| Untracked 
|  77|0x000000070e200000, 0x000000070e200000, 0x000000070e400000|  0%| F|  |TAMS 0x000000070e200000, 0x000000070e200000| Untracked 
|  78|0x000000070e400000, 0x000000070e400000, 0x000000070e600000|  0%| F|  |TAMS 0x000000070e400000, 0x000000070e400000| Untracked 
|  79|0x000000070e600000, 0x000000070e600000, 0x000000070e800000|  0%| F|  |TAMS 0x000000070e600000, 0x000000070e600000| Untracked 
|  80|0x000000070e800000, 0x000000070e800000, 0x000000070ea00000|  0%| F|  |TAMS 0x000000070e800000, 0x000000070e800000| Untracked 
|  81|0x000000070ea00000, 0x000000070ea00000, 0x000000070ec00000|  0%| F|  |TAMS 0x000000070ea00000, 0x000000070ea00000| Untracked 
|  82|0x000000070ec00000, 0x000000070ec00000, 0x000000070ee00000|  0%| F|  |TAMS 0x000000070ec00000, 0x000000070ec00000| Untracked 
|  83|0x000000070ee00000, 0x000000070ee00000, 0x000000070f000000|  0%| F|  |TAMS 0x000000070ee00000, 0x000000070ee00000| Untracked 
|  84|0x000000070f000000, 0x000000070f000000, 0x000000070f200000|  0%| F|  |TAMS 0x000000070f000000, 0x000000070f000000| Untracked 
|  85|0x000000070f200000, 0x000000070f200000, 0x000000070f400000|  0%| F|  |TAMS 0x000000070f200000, 0x000000070f200000| Untracked 
|  86|0x000000070f400000, 0x000000070f400000, 0x000000070f600000|  0%| F|  |TAMS 0x000000070f400000, 0x000000070f400000| Untracked 
|  87|0x000000070f600000, 0x000000070f600000, 0x000000070f800000|  0%| F|  |TAMS 0x000000070f600000, 0x000000070f600000| Untracked 
|  88|0x000000070f800000, 0x000000070f800000, 0x000000070fa00000|  0%| F|  |TAMS 0x000000070f800000, 0x000000070f800000| Untracked 
|  89|0x000000070fa00000, 0x000000070fa00000, 0x000000070fc00000|  0%| F|  |TAMS 0x000000070fa00000, 0x000000070fa00000| Untracked 
|  90|0x000000070fc00000, 0x000000070fc00000, 0x000000070fe00000|  0%| F|  |TAMS 0x000000070fc00000, 0x000000070fc00000| Untracked 
|  91|0x000000070fe00000, 0x000000070fe00000, 0x0000000710000000|  0%| F|  |TAMS 0x000000070fe00000, 0x000000070fe00000| Untracked 
|  92|0x0000000710000000, 0x0000000710000000, 0x0000000710200000|  0%| F|  |TAMS 0x0000000710000000, 0x0000000710000000| Untracked 
|  93|0x0000000710200000, 0x0000000710200000, 0x0000000710400000|  0%| F|  |TAMS 0x0000000710200000, 0x0000000710200000| Untracked 
|  94|0x0000000710400000, 0x0000000710400000, 0x0000000710600000|  0%| F|  |TAMS 0x0000000710400000, 0x0000000710400000| Untracked 
|  95|0x0000000710600000, 0x0000000710600000, 0x0000000710800000|  0%| F|  |TAMS 0x0000000710600000, 0x0000000710600000| Untracked 
|  96|0x0000000710800000, 0x0000000710800000, 0x0000000710a00000|  0%| F|  |TAMS 0x0000000710800000, 0x0000000710800000| Untracked 
|  97|0x0000000710a00000, 0x0000000710a00000, 0x0000000710c00000|  0%| F|  |TAMS 0x0000000710a00000, 0x0000000710a00000| Untracked 
|  98|0x0000000710c00000, 0x0000000710c00000, 0x0000000710e00000|  0%| F|  |TAMS 0x0000000710c00000, 0x0000000710c00000| Untracked 
|  99|0x0000000710e00000, 0x0000000710e00000, 0x0000000711000000|  0%| F|  |TAMS 0x0000000710e00000, 0x0000000710e00000| Untracked 
| 100|0x0000000711000000, 0x0000000711000000, 0x0000000711200000|  0%| F|  |TAMS 0x0000000711000000, 0x0000000711000000| Untracked 
| 101|0x0000000711200000, 0x0000000711200000, 0x0000000711400000|  0%| F|  |TAMS 0x0000000711200000, 0x0000000711200000| Untracked 
| 102|0x0000000711400000, 0x0000000711400000, 0x0000000711600000|  0%| F|  |TAMS 0x0000000711400000, 0x0000000711400000| Untracked 
| 103|0x0000000711600000, 0x0000000711600000, 0x0000000711800000|  0%| F|  |TAMS 0x0000000711600000, 0x0000000711600000| Untracked 
| 104|0x0000000711800000, 0x0000000711800000, 0x0000000711a00000|  0%| F|  |TAMS 0x0000000711800000, 0x0000000711800000| Untracked 
| 105|0x0000000711a00000, 0x0000000711a00000, 0x0000000711c00000|  0%| F|  |TAMS 0x0000000711a00000, 0x0000000711a00000| Untracked 
| 106|0x0000000711c00000, 0x0000000711c00000, 0x0000000711e00000|  0%| F|  |TAMS 0x0000000711c00000, 0x0000000711c00000| Untracked 
| 107|0x0000000711e00000, 0x0000000711e00000, 0x0000000712000000|  0%| F|  |TAMS 0x0000000711e00000, 0x0000000711e00000| Untracked 
| 108|0x0000000712000000, 0x0000000712000000, 0x0000000712200000|  0%| F|  |TAMS 0x0000000712000000, 0x0000000712000000| Untracked 
| 109|0x0000000712200000, 0x0000000712200000, 0x0000000712400000|  0%| F|  |TAMS 0x0000000712200000, 0x0000000712200000| Untracked 
| 110|0x0000000712400000, 0x00000007124e5180, 0x0000000712600000| 44%| S|CS|TAMS 0x0000000712400000, 0x0000000712400000| Complete 
| 111|0x0000000712600000, 0x0000000712800000, 0x0000000712800000|100%| S|CS|TAMS 0x0000000712600000, 0x0000000712600000| Complete 
| 112|0x0000000712800000, 0x0000000712800000, 0x0000000712a00000|  0%| F|  |TAMS 0x0000000712800000, 0x0000000712800000| Untracked 
| 113|0x0000000712a00000, 0x0000000712a00000, 0x0000000712c00000|  0%| F|  |TAMS 0x0000000712a00000, 0x0000000712a00000| Untracked 
| 114|0x0000000712c00000, 0x0000000712c00000, 0x0000000712e00000|  0%| F|  |TAMS 0x0000000712c00000, 0x0000000712c00000| Untracked 
| 115|0x0000000712e00000, 0x0000000712e00000, 0x0000000713000000|  0%| F|  |TAMS 0x0000000712e00000, 0x0000000712e00000| Untracked 
| 116|0x0000000713000000, 0x0000000713000000, 0x0000000713200000|  0%| F|  |TAMS 0x0000000713000000, 0x0000000713000000| Untracked 
| 117|0x0000000713200000, 0x0000000713200000, 0x0000000713400000|  0%| F|  |TAMS 0x0000000713200000, 0x0000000713200000| Untracked 
| 118|0x0000000713400000, 0x0000000713400000, 0x0000000713600000|  0%| F|  |TAMS 0x0000000713400000, 0x0000000713400000| Untracked 
| 119|0x0000000713600000, 0x0000000713600000, 0x0000000713800000|  0%| F|  |TAMS 0x0000000713600000, 0x0000000713600000| Untracked 
| 120|0x0000000713800000, 0x0000000713800800, 0x0000000713a00000|  0%| E|  |TAMS 0x0000000713800000, 0x0000000713800000| Complete 
| 121|0x0000000713a00000, 0x0000000713c00000, 0x0000000713c00000|100%| E|CS|TAMS 0x0000000713a00000, 0x0000000713a00000| Complete 
| 122|0x0000000713c00000, 0x0000000713e00000, 0x0000000713e00000|100%| E|CS|TAMS 0x0000000713c00000, 0x0000000713c00000| Complete 
| 123|0x0000000713e00000, 0x0000000714000000, 0x0000000714000000|100%| E|CS|TAMS 0x0000000713e00000, 0x0000000713e00000| Complete 
| 124|0x0000000714000000, 0x0000000714200000, 0x0000000714200000|100%| E|CS|TAMS 0x0000000714000000, 0x0000000714000000| Complete 
| 125|0x0000000714200000, 0x0000000714400000, 0x0000000714400000|100%| E|CS|TAMS 0x0000000714200000, 0x0000000714200000| Complete 

Card table byte_map: [0x0000026b72d20000,0x0000026b73500000] _byte_map_base: 0x0000026b6f4fc000

Marking Bits (Prev, Next): (CMBitMap*) 0x0000026b5b00bad0, (CMBitMap*) 0x0000026b5b00bb10
 Prev Bits: [0x0000026b73ce0000, 0x0000026b77bc0000)
 Next Bits: [0x0000026b77bc0000, 0x0000026b7baa0000)

Polling page: 0x0000026b58f60000

Metaspace:

Usage:
  Non-class:     16.30 MB used.
      Class:      2.76 MB used.
       Both:     19.05 MB used.

Virtual space:
  Non-class space:       64.00 MB reserved,      16.44 MB ( 26%) committed,  1 nodes.
      Class space:        1.00 GB reserved,       2.88 MB ( <1%) committed,  1 nodes.
             Both:        1.06 GB reserved,      19.31 MB (  2%) committed. 

Chunk freelists:
   Non-Class:  15.58 MB
       Class:  13.00 MB
        Both:  28.58 MB

MaxMetaspaceSize: unlimited
CompressedClassSpaceSize: 1.00 GB
Initial GC threshold: 21.00 MB
Current GC threshold: 21.00 MB
CDS: on
MetaspaceReclaimPolicy: balanced
 - commit_granule_bytes: 65536.
 - commit_granule_words: 8192.
 - virtual_space_node_default_size: 8388608.
 - enlarge_chunks_in_place: 1.
 - new_chunks_are_fully_committed: 0.
 - uncommit_free_chunks: 1.
 - use_allocation_guard: 0.
 - handle_deallocations: 1.


Internal statistics:

num_allocs_failed_limit: 0.
num_arena_births: 224.
num_arena_deaths: 0.
num_vsnodes_births: 2.
num_vsnodes_deaths: 0.
num_space_committed: 309.
num_space_uncommitted: 0.
num_chunks_returned_to_freelist: 0.
num_chunks_taken_from_freelist: 798.
num_chunk_merges: 0.
num_chunk_splits: 559.
num_chunks_enlarged: 452.
num_inconsistent_stats: 0.

CodeHeap 'non-profiled nmethods': size=119168Kb used=1102Kb max_used=1102Kb free=118065Kb
 bounds [0x0000026b6a630000, 0x0000026b6a8a0000, 0x0000026b71a90000]
CodeHeap 'profiled nmethods': size=119104Kb used=5770Kb max_used=5770Kb free=113333Kb
 bounds [0x0000026b62a90000, 0x0000026b63040000, 0x0000026b69ee0000]
CodeHeap 'non-nmethods': size=7488Kb used=2611Kb max_used=3201Kb free=4876Kb
 bounds [0x0000026b69ee0000, 0x0000026b6a210000, 0x0000026b6a630000]
 total_blobs=3750 nmethods=2888 adapters=771
 compilation: enabled
              stopped_count=0, restarted_count=0
 full_count=0

Compilation events (20 events):
Event: 12.157 Thread 0x0000026b7ef023e0 nmethod 2774 0x0000026b62feef90 code [0x0000026b62fef1a0, 0x0000026b62fef878]
Event: 12.157 Thread 0x0000026b0b552050 nmethod 2780 0x0000026b62fefb10 code [0x0000026b62fefd00, 0x0000026b62ff0218]
Event: 12.157 Thread 0x0000026b7ef023e0 2775       3       java.util.AbstractList$SubList::listIterator (19 bytes)
Event: 12.157 Thread 0x0000026b0b552050 2776       3       java.util.AbstractList$SubList::checkForComodification (23 bytes)
Event: 12.157 Thread 0x0000026b0b552050 nmethod 2776 0x0000026b62ff0410 code [0x0000026b62ff05c0, 0x0000026b62ff07e8]
Event: 12.157 Thread 0x0000026b0b552050 2777       3       java.util.AbstractList$SubList::rangeCheckForAdd (26 bytes)
Event: 12.158 Thread 0x0000026b7ef023e0 nmethod 2775 0x0000026b62ff0910 code [0x0000026b62ff0b00, 0x0000026b62ff1018]
Event: 12.158 Thread 0x0000026b7ef023e0 2778       3       java.util.AbstractList$SubList$1::<init> (41 bytes)
Event: 12.158 Thread 0x0000026b7ef023e0 nmethod 2778 0x0000026b62ff1290 code [0x0000026b62ff1440, 0x0000026b62ff1768]
Event: 12.158 Thread 0x0000026b7ef023e0 2779       3       javafx.collections.ObservableListBase::nextRemove (10 bytes)
Event: 12.158 Thread 0x0000026b0b552050 nmethod 2777 0x0000026b62ff1890 code [0x0000026b62ff1ac0, 0x0000026b62ff2168]
Event: 12.158 Thread 0x0000026b7ef023e0 nmethod 2779 0x0000026b62ff2510 code [0x0000026b62ff26c0, 0x0000026b62ff2808]
Event: 12.158 Thread 0x0000026b7ef023e0 2783       3       javafx.beans.property.ReadOnlyObjectWrapper::getReadOnlyProperty (24 bytes)
Event: 12.158 Thread 0x0000026b7ef023e0 nmethod 2783 0x0000026b62ff2910 code [0x0000026b62ff2ae0, 0x0000026b62ff2f38]
Event: 12.158 Thread 0x0000026b0b552050 2785       3       javafx.beans.property.StringPropertyBase::fireValueChangedEvent (8 bytes)
Event: 12.159 Thread 0x0000026b0b552050 nmethod 2785 0x0000026b62ff3090 code [0x0000026b62ff3240, 0x0000026b62ff34a8]
Event: 12.159 Thread 0x0000026b7ef023e0 2786       3       com.sun.javafx.event.EventHandlerManager::dispatchBubblingEvent (23 bytes)
Event: 12.159 Thread 0x0000026b7ef023e0 nmethod 2786 0x0000026b62ff3590 code [0x0000026b62ff3740, 0x0000026b62ff3a58]
Event: 12.166 Thread 0x0000026b7ef023e0 2787       3       java.util.ArrayList$SubList::<init> (35 bytes)
Event: 12.166 Thread 0x0000026b7ef023e0 nmethod 2787 0x0000026b62ff3b90 code [0x0000026b62ff3d40, 0x0000026b62ff4018]

GC Heap History (4 events):
Event: 0.908 GC heap before
{Heap before GC invocations=0 (full 0):
 garbage-first heap   total 258048K, used 22528K [0x0000000704800000, 0x0000000800000000)
  region size 2048K, 11 young (22528K), 0 survivors (0K)
 Metaspace       used 7425K, committed 7616K, reserved 1114112K
  class space    used 922K, committed 1024K, reserved 1048576K
}
Event: 0.914 GC heap after
{Heap after GC invocations=1 (full 0):
 garbage-first heap   total 258048K, used 5400K [0x0000000704800000, 0x0000000800000000)
  region size 2048K, 2 young (4096K), 2 survivors (4096K)
 Metaspace       used 7425K, committed 7616K, reserved 1114112K
  class space    used 922K, committed 1024K, reserved 1048576K
}
Event: 2.669 GC heap before
{Heap before GC invocations=1 (full 0):
 garbage-first heap   total 258048K, used 32024K [0x0000000704800000, 0x0000000800000000)
  region size 2048K, 14 young (28672K), 2 survivors (4096K)
 Metaspace       used 15429K, committed 15680K, reserved 1114112K
  class space    used 2366K, committed 2496K, reserved 1048576K
}
Event: 2.676 GC heap after
{Heap after GC invocations=2 (full 0):
 garbage-first heap   total 258048K, used 10824K [0x0000000704800000, 0x0000000800000000)
  region size 2048K, 2 young (4096K), 2 survivors (4096K)
 Metaspace       used 15429K, committed 15680K, reserved 1114112K
  class space    used 2366K, committed 2496K, reserved 1048576K
}

Dll operation events (20 events):
Event: 0.301 Loaded shared library D:\TPI-2024-YER\Code\Application Demonstration\lib\bin\api-ms-win-crt-math-l1-1-0.dll
Event: 0.302 Loaded shared library D:\TPI-2024-YER\Code\Application Demonstration\lib\bin\api-ms-win-crt-multibyte-l1-1-0.dll
Event: 0.303 Loaded shared library D:\TPI-2024-YER\Code\Application Demonstration\lib\bin\api-ms-win-crt-private-l1-1-0.dll
Event: 0.305 Loaded shared library D:\TPI-2024-YER\Code\Application Demonstration\lib\bin\api-ms-win-crt-process-l1-1-0.dll
Event: 0.307 Loaded shared library D:\TPI-2024-YER\Code\Application Demonstration\lib\bin\api-ms-win-crt-runtime-l1-1-0.dll
Event: 0.308 Loaded shared library D:\TPI-2024-YER\Code\Application Demonstration\lib\bin\api-ms-win-crt-stdio-l1-1-0.dll
Event: 0.309 Loaded shared library D:\TPI-2024-YER\Code\Application Demonstration\lib\bin\api-ms-win-crt-string-l1-1-0.dll
Event: 0.311 Loaded shared library D:\TPI-2024-YER\Code\Application Demonstration\lib\bin\api-ms-win-crt-time-l1-1-0.dll
Event: 0.312 Loaded shared library D:\TPI-2024-YER\Code\Application Demonstration\lib\bin\api-ms-win-crt-utility-l1-1-0.dll
Event: 0.314 Loaded shared library D:\TPI-2024-YER\Code\Application Demonstration\lib\bin\ucrtbase.dll
Event: 0.315 Loaded shared library D:\TPI-2024-YER\Code\Application Demonstration\lib\bin\vcruntime140.dll
Event: 0.316 Loaded shared library D:\TPI-2024-YER\Code\Application Demonstration\lib\bin\vcruntime140_1.dll
Event: 0.317 Loaded shared library D:\TPI-2024-YER\Code\Application Demonstration\lib\bin\msvcp140.dll
Event: 0.319 Loaded shared library D:\TPI-2024-YER\Code\Application Demonstration\lib\bin\msvcp140_1.dll
Event: 0.320 Loaded shared library D:\TPI-2024-YER\Code\Application Demonstration\lib\bin\msvcp140_2.dll
Event: 0.362 Loaded shared library D:\TPI-2024-YER\Code\Application Demonstration\lib\bin\prism_d3d.dll
Event: 0.486 Loaded shared library D:\TPI-2024-YER\Code\Application Demonstration\lib\bin\glass.dll
Event: 0.832 Loaded shared library D:\TPI-2024-YER\Code\Application Demonstration\lib\bin\javafx_font.dll
Event: 8.186 Loaded shared library D:\TPI-2024-YER\Code\Application Demonstration\xboxcontroller64.dll
Event: 8.304 Loaded shared library C:\Program Files\Eclipse Adoptium\jdk-17.0.7.7-hotspot\bin\awt.dll

Deoptimization events (20 events):
Event: 2.823 Thread 0x0000026b7f703c20 Uncommon trap: trap_request=0xffffff45 fr.pc=0x0000026b6a6abf28 relative=0x0000000000000128
Event: 2.823 Thread 0x0000026b7f703c20 Uncommon trap: reason=unstable_if action=reinterpret pc=0x0000026b6a6abf28 method=java.lang.StringCoding.hasNegatives([BII)Z @ 12 c2
Event: 2.823 Thread 0x0000026b7f703c20 DEOPT PACKING pc=0x0000026b6a6abf28 sp=0x000000981350f0f0
Event: 2.823 Thread 0x0000026b7f703c20 DEOPT UNPACKING pc=0x0000026b69f369a3 sp=0x000000981350f098 mode 2
Event: 2.843 Thread 0x0000026b7f703c20 DEOPT PACKING pc=0x0000026b62f10770 sp=0x000000981350f3a0
Event: 2.843 Thread 0x0000026b7f703c20 DEOPT UNPACKING pc=0x0000026b69f37143 sp=0x000000981350ea00 mode 0
Event: 7.671 Thread 0x0000026b7f3f0700 Uncommon trap: trap_request=0xffffff45 fr.pc=0x0000026b6a6bc768 relative=0x00000000000002c8
Event: 7.671 Thread 0x0000026b7f3f0700 Uncommon trap: reason=unstable_if action=reinterpret pc=0x0000026b6a6bc768 method=java.util.WeakHashMap.expungeStaleEntries()V @ 9 c2
Event: 7.671 Thread 0x0000026b7f3f0700 DEOPT PACKING pc=0x0000026b6a6bc768 sp=0x00000098132fd2a0
Event: 7.671 Thread 0x0000026b7f3f0700 DEOPT UNPACKING pc=0x0000026b69f369a3 sp=0x00000098132fd238 mode 2
Event: 8.313 Thread 0x0000026b7f703c20 Uncommon trap: trap_request=0xffffff45 fr.pc=0x0000026b6a7091a4 relative=0x0000000000000184
Event: 8.313 Thread 0x0000026b7f703c20 Uncommon trap: reason=unstable_if action=reinterpret pc=0x0000026b6a7091a4 method=ch.emf.Thymio_Java_Connnect.services.ServiceThymioSender.run()V @ 352 c2
Event: 8.313 Thread 0x0000026b7f703c20 DEOPT PACKING pc=0x0000026b6a7091a4 sp=0x000000981350f610
Event: 8.313 Thread 0x0000026b7f703c20 DEOPT UNPACKING pc=0x0000026b69f369a3 sp=0x000000981350f510 mode 2
Event: 8.435 Thread 0x0000026b7f703c20 DEOPT PACKING pc=0x0000026b62fa88a8 sp=0x000000981350f3a0
Event: 8.435 Thread 0x0000026b7f703c20 DEOPT UNPACKING pc=0x0000026b69f37143 sp=0x000000981350ea00 mode 0
Event: 12.166 Thread 0x0000026b7f3f0700 Uncommon trap: trap_request=0xffffff45 fr.pc=0x0000026b6a725d10 relative=0x00000000000009b0
Event: 12.166 Thread 0x0000026b7f3f0700 Uncommon trap: reason=unstable_if action=reinterpret pc=0x0000026b6a725d10 method=javafx.scene.CssStyleHelper.lookup(Ljavafx/css/Styleable;Ljavafx/css/CssMetaData;Lcom/sun/javafx/css/StyleMap;Ljava/util/Set;Ljavafx/css/Styleable;Lcom/sun/javafx/css/Calcul
Event: 12.166 Thread 0x0000026b7f3f0700 DEOPT PACKING pc=0x0000026b6a725d10 sp=0x00000098132fd8d0
Event: 12.166 Thread 0x0000026b7f3f0700 DEOPT UNPACKING pc=0x0000026b69f369a3 sp=0x00000098132fd860 mode 2

Classes unloaded (0 events):
No events

Classes redefined (0 events):
No events

Internal exceptions (20 events):
Event: 1.102 Thread 0x0000026b7f3f0700 Implicit null exception at 0x0000026b6a67465e to 0x0000026b6a675120
Event: 1.120 Thread 0x0000026b7f3f0700 Implicit null exception at 0x0000026b6a67348e to 0x0000026b6a6738b8
Event: 1.121 Thread 0x0000026b7f3f0700 Implicit null exception at 0x0000026b6a67278e to 0x0000026b6a672bac
Event: 1.122 Thread 0x0000026b7f3f0700 Implicit null exception at 0x0000026b6a671f8f to 0x0000026b6a672009
Event: 1.207 Thread 0x0000026b7f3f0700 Exception <a 'java/lang/NoSuchMethodError'{0x0000000713d77e88}: 'java.lang.Object java.lang.invoke.DirectMethodHandle$Holder.newInvokeSpecial(java.lang.Object, java.lang.Object, java.lang.Object, java.lang.Object, java.lang.Object)'> (0x0000000713d77e88) 
thrown [s\src\hotspot\share\interpreter\linkResolver.cpp, line 759]
Event: 1.269 Thread 0x0000026b7f3f0700 Exception <a 'java/lang/NoSuchMethodError'{0x0000000713ad3bf0}: 'java.lang.Object java.lang.invoke.DirectMethodHandle$Holder.invokeInterface(java.lang.Object, java.lang.Object, java.lang.Object)'> (0x0000000713ad3bf0) 
thrown [s\src\hotspot\share\interpreter\linkResolver.cpp, line 759]
Event: 1.270 Thread 0x0000026b7f3f0700 Exception <a 'java/lang/IncompatibleClassChangeError'{0x0000000713ad7578}: Found class java.lang.Object, but interface was expected> (0x0000000713ad7578) 
thrown [s\src\hotspot\share\interpreter\linkResolver.cpp, line 826]
Event: 1.309 Thread 0x0000026b7f3f0700 Exception <a 'java/lang/NoSuchMethodError'{0x0000000713855108}: 'void java.lang.invoke.DirectMethodHandle$Holder.invokeSpecialIFC(java.lang.Object, java.lang.Object, java.lang.Object, java.lang.Object)'> (0x0000000713855108) 
thrown [s\src\hotspot\share\interpreter\linkResolver.cpp, line 759]
Event: 1.408 Thread 0x0000026b7f3f0700 Exception <a 'java/lang/NoSuchMethodError'{0x0000000713784580}: 'int java.lang.invoke.DirectMethodHandle$Holder.invokeSpecial(java.lang.Object, java.lang.Object, int)'> (0x0000000713784580) 
thrown [s\src\hotspot\share\interpreter\linkResolver.cpp, line 759]
Event: 1.608 Thread 0x0000026b7f3f0700 Exception <a 'java/lang/NoSuchMethodError'{0x0000000713151bc0}: 'java.lang.Object java.lang.invoke.DirectMethodHandle$Holder.newInvokeSpecial(java.lang.Object, java.lang.Object, int)'> (0x0000000713151bc0) 
thrown [s\src\hotspot\share\interpreter\linkResolver.cpp, line 759]
Event: 1.690 Thread 0x0000026b7f334a80 Exception <a 'java/lang/NoSuchMethodError'{0x0000000712e6e5c8}: 'int java.lang.invoke.DirectMethodHandle$Holder.invokeStaticInit(java.lang.Object, java.lang.Object)'> (0x0000000712e6e5c8) 
thrown [s\src\hotspot\share\interpreter\linkResolver.cpp, line 759]
Event: 1.690 Thread 0x0000026b7f3f0700 Exception <a 'java/lang/NoSuchMethodError'{0x0000000712e3fa58}: 'long java.lang.invoke.DirectMethodHandle$Holder.invokeStatic(java.lang.Object, java.lang.Object, java.lang.Object)'> (0x0000000712e3fa58) 
thrown [s\src\hotspot\share\interpreter\linkResolver.cpp, line 759]
Event: 1.690 Thread 0x0000026b7f3f0700 Exception <a 'java/lang/NoSuchMethodError'{0x0000000712e43200}: 'long java.lang.invoke.DirectMethodHandle$Holder.invokeStaticInit(java.lang.Object, java.lang.Object, java.lang.Object)'> (0x0000000712e43200) 
thrown [s\src\hotspot\share\interpreter\linkResolver.cpp, line 759]
Event: 1.695 Thread 0x0000026b7f3f0700 Exception <a 'java/lang/NoSuchMethodError'{0x0000000712e5ae08}: 'java.lang.Object java.lang.invoke.DirectMethodHandle$Holder.newInvokeSpecial(java.lang.Object, java.lang.Object, long)'> (0x0000000712e5ae08) 
thrown [s\src\hotspot\share\interpreter\linkResolver.cpp, line 759]
Event: 1.695 Thread 0x0000026b7f3f0700 Exception <a 'java/lang/NoSuchMethodError'{0x0000000712ea0740}: 'java.lang.Object java.lang.invoke.Invokers$Holder.linkToTargetMethod(java.lang.Object, long, java.lang.Object)'> (0x0000000712ea0740) 
thrown [s\src\hotspot\share\interpreter\linkResolver.cpp, line 759]
Event: 2.706 Thread 0x0000026b7f703c20 Exception <a 'java/lang/NoSuchMethodError'{0x00000007143c2e18}: 'java.lang.Object java.lang.invoke.DirectMethodHandle$Holder.invokeStaticInit(java.lang.Object, int, int, int, int)'> (0x00000007143c2e18) 
thrown [s\src\hotspot\share\interpreter\linkResolver.cpp, line 759]
Event: 2.809 Thread 0x0000026b7f7040f0 Exception <a 'java/lang/NoSuchMethodError'{0x00000007140d8db0}: 'java.lang.Object java.lang.invoke.DirectMethodHandle$Holder.invokeStaticInit(java.lang.Object, java.lang.Object, int, int, int, int)'> (0x00000007140d8db0) 
thrown [s\src\hotspot\share\interpreter\linkResolver.cpp, line 759]
Event: 8.300 Thread 0x0000026b7f3f0700 Exception <a 'java/lang/ClassNotFoundException'{0x0000000713f05a70}: sun/awt/resources/spi/awtProvider> (0x0000000713f05a70) 
thrown [s\src\hotspot\share\classfile\systemDictionary.cpp, line 256]
Event: 8.305 Thread 0x0000026b7f3f0700 Exception <a 'java/io/FileNotFoundException'{0x0000000713f08e58}> (0x0000000713f08e58) 
thrown [s\src\hotspot\share\prims\jni.cpp, line 516]
Event: 8.306 Thread 0x0000026b7f3f0700 Exception <a 'java/io/FileNotFoundException'{0x0000000713f0a378}> (0x0000000713f0a378) 
thrown [s\src\hotspot\share\prims\jni.cpp, line 516]

VM Operations (20 events):
Event: 2.264 Executing VM operation: ICBufferFull done
Event: 2.669 Executing VM operation: G1CollectForAllocation
Event: 2.676 Executing VM operation: G1CollectForAllocation done
Event: 2.689 Executing VM operation: HandshakeAllThreads
Event: 2.689 Executing VM operation: HandshakeAllThreads done
Event: 2.691 Executing VM operation: HandshakeAllThreads
Event: 2.691 Executing VM operation: HandshakeAllThreads done
Event: 2.695 Executing VM operation: HandshakeAllThreads
Event: 2.695 Executing VM operation: HandshakeAllThreads done
Event: 2.716 Executing VM operation: HandshakeAllThreads
Event: 2.716 Executing VM operation: HandshakeAllThreads done
Event: 3.717 Executing VM operation: Cleanup
Event: 3.717 Executing VM operation: Cleanup done
Event: 7.719 Executing VM operation: Cleanup
Event: 7.719 Executing VM operation: Cleanup done
Event: 9.719 Executing VM operation: Cleanup
Event: 9.719 Executing VM operation: Cleanup done
Event: 11.720 Executing VM operation: Cleanup
Event: 11.720 Executing VM operation: Cleanup done
Event: 12.166 Executing VM operation: HandshakeAllThreads

Events (20 events):
Event: 8.398 loading class java/awt/ModalEventFilter done
Event: 8.398 loading class java/awt/EventFilter$FilterAction
Event: 8.398 loading class java/awt/EventFilter$FilterAction done
Event: 8.398 loading class sun/awt/dnd/SunDragSourceContextPeer
Event: 8.398 loading class java/awt/dnd/peer/DragSourceContextPeer
Event: 8.398 loading class java/awt/dnd/peer/DragSourceContextPeer done
Event: 8.398 loading class sun/awt/dnd/SunDragSourceContextPeer done
Event: 8.398 loading class java/awt/EventQueue$4
Event: 8.399 loading class java/awt/EventQueue$4 done
Event: 8.399 loading class java/awt/MenuComponent
Event: 8.399 loading class java/awt/MenuComponent done
Event: 8.399 loading class java/awt/TrayIcon
Event: 8.399 loading class java/awt/TrayIcon done
Event: 8.399 loading class java/awt/event/InputMethodEvent
Event: 8.399 loading class java/awt/event/InputMethodEvent done
Event: 8.399 loading class java/awt/event/ActionEvent
Event: 8.399 loading class java/awt/event/ActionEvent done
Event: 10.441 Thread 0x0000026b0ab0e4d0 Thread exited: 0x0000026b0ab0e4d0
Event: 12.144 Thread 0x0000026b7f701a70 Thread exited: 0x0000026b7f701a70
Event: 12.145 Thread 0x0000026b7f7028e0 Thread exited: 0x0000026b7f7028e0


Dynamic libraries:
0x00007ff634440000 - 0x00007ff63444e000 	C:\Program Files\Eclipse Adoptium\jdk-17.0.7.7-hotspot\bin\java.exe
0x00007fff4c430000 - 0x00007fff4c628000 	C:\WINDOWS\SYSTEM32\ntdll.dll
0x00007fff4b820000 - 0x00007fff4b8dd000 	C:\WINDOWS\System32\KERNEL32.DLL
0x00007fff4a160000 - 0x00007fff4a456000 	C:\WINDOWS\System32\KERNELBASE.dll
0x00007fff4a060000 - 0x00007fff4a160000 	C:\WINDOWS\System32\ucrtbase.dll
0x00007ffee3c00000 - 0x00007ffee3c19000 	C:\Program Files\Eclipse Adoptium\jdk-17.0.7.7-hotspot\bin\VCRUNTIME140.dll
0x00007fff353d0000 - 0x00007fff353e7000 	C:\Program Files\Eclipse Adoptium\jdk-17.0.7.7-hotspot\bin\jli.dll
0x00007fff4ae40000 - 0x00007fff4afde000 	C:\WINDOWS\System32\USER32.dll
0x00007fff2d020000 - 0x00007fff2d2ba000 	C:\WINDOWS\WinSxS\amd64_microsoft.windows.common-controls_6595b64144ccf1df_6.0.19041.3636_none_60b6a03d71f818d5\COMCTL32.dll
0x00007fff49e10000 - 0x00007fff49e32000 	C:\WINDOWS\System32\win32u.dll
0x00007fff4ac10000 - 0x00007fff4acae000 	C:\WINDOWS\System32\msvcrt.dll
0x00007fff4b610000 - 0x00007fff4b63c000 	C:\WINDOWS\System32\GDI32.dll
0x00007fff49eb0000 - 0x00007fff49fca000 	C:\WINDOWS\System32\gdi32full.dll
0x00007fff49d70000 - 0x00007fff49e0d000 	C:\WINDOWS\System32\msvcp_win.dll
0x00007fff4ad60000 - 0x00007fff4ad90000 	C:\WINDOWS\System32\IMM32.DLL
0x00007ffef5200000 - 0x00007ffef520c000 	C:\Program Files\Eclipse Adoptium\jdk-17.0.7.7-hotspot\bin\vcruntime140_1.dll
0x00007ffedb2b0000 - 0x00007ffedb341000 	C:\Program Files\Eclipse Adoptium\jdk-17.0.7.7-hotspot\bin\msvcp140.dll
0x00007ffedd530000 - 0x00007ffede178000 	C:\Program Files\Eclipse Adoptium\jdk-17.0.7.7-hotspot\bin\server\jvm.dll
0x00007fff4b770000 - 0x00007fff4b81f000 	C:\WINDOWS\System32\ADVAPI32.dll
0x00007fff4c1c0000 - 0x00007fff4c25c000 	C:\WINDOWS\System32\sechost.dll
0x00007fff4c260000 - 0x00007fff4c386000 	C:\WINDOWS\System32\RPCRT4.dll
0x00007fff41450000 - 0x00007fff41477000 	C:\WINDOWS\SYSTEM32\WINMM.dll
0x00007fff437a0000 - 0x00007fff437aa000 	C:\WINDOWS\SYSTEM32\VERSION.dll
0x00007fff18a90000 - 0x00007fff18a99000 	C:\WINDOWS\SYSTEM32\WSOCK32.dll
0x00007fff4b0b0000 - 0x00007fff4b11b000 	C:\WINDOWS\System32\WS2_32.dll
0x00007fff476c0000 - 0x00007fff476d2000 	C:\WINDOWS\SYSTEM32\kernel.appcore.dll
0x00007ffef51e0000 - 0x00007ffef51ea000 	C:\Program Files\Eclipse Adoptium\jdk-17.0.7.7-hotspot\bin\jimage.dll
0x00007fff3fff0000 - 0x00007fff401d4000 	C:\WINDOWS\SYSTEM32\DBGHELP.DLL
0x00007fff2dc40000 - 0x00007fff2dc74000 	C:\WINDOWS\SYSTEM32\dbgcore.DLL
0x00007fff49fd0000 - 0x00007fff4a052000 	C:\WINDOWS\System32\bcryptPrimitives.dll
0x00007ffedd500000 - 0x00007ffedd525000 	C:\Program Files\Eclipse Adoptium\jdk-17.0.7.7-hotspot\bin\java.dll
0x00007ffedd420000 - 0x00007ffedd4f6000 	C:\Program Files\Eclipse Adoptium\jdk-17.0.7.7-hotspot\bin\jsvml.dll
0x00007fff4b960000 - 0x00007fff4c0a5000 	C:\WINDOWS\System32\SHELL32.dll
0x00007fff478c0000 - 0x00007fff4805b000 	C:\WINDOWS\SYSTEM32\windows.storage.dll
0x00007fff4b2b0000 - 0x00007fff4b604000 	C:\WINDOWS\System32\combase.dll
0x00007fff49470000 - 0x00007fff4949d000 	C:\WINDOWS\SYSTEM32\Wldp.dll
0x00007fff4c0b0000 - 0x00007fff4c15d000 	C:\WINDOWS\System32\SHCORE.dll
0x00007fff4a490000 - 0x00007fff4a4e5000 	C:\WINDOWS\System32\shlwapi.dll
0x00007fff49a40000 - 0x00007fff49a65000 	C:\WINDOWS\SYSTEM32\profapi.dll
0x00007ffedcfd0000 - 0x00007ffedcfe9000 	C:\Program Files\Eclipse Adoptium\jdk-17.0.7.7-hotspot\bin\net.dll
0x00007fff48ab0000 - 0x00007fff48bba000 	C:\WINDOWS\SYSTEM32\WINHTTP.dll
0x00007fff49250000 - 0x00007fff492ba000 	C:\WINDOWS\system32\mswsock.dll
0x00007ffedcfb0000 - 0x00007ffedcfc5000 	C:\Program Files\Eclipse Adoptium\jdk-17.0.7.7-hotspot\bin\nio.dll
0x00007ffedcf90000 - 0x00007ffedcfa8000 	C:\Program Files\Eclipse Adoptium\jdk-17.0.7.7-hotspot\bin\zip.dll
0x0000026b58fa0000 - 0x0000026b58fa3000 	D:\TPI-2024-YER\Code\Application Demonstration\lib\bin\api-ms-win-core-console-l1-1-0.dll
0x0000026b58fb0000 - 0x0000026b58fb3000 	D:\TPI-2024-YER\Code\Application Demonstration\lib\bin\api-ms-win-core-console-l1-2-0.dll
0x0000026b5aea0000 - 0x0000026b5aea3000 	D:\TPI-2024-YER\Code\Application Demonstration\lib\bin\api-ms-win-core-datetime-l1-1-0.dll
0x0000026b5aeb0000 - 0x0000026b5aeb3000 	D:\TPI-2024-YER\Code\Application Demonstration\lib\bin\api-ms-win-core-debug-l1-1-0.dll
0x0000026b5aec0000 - 0x0000026b5aec3000 	D:\TPI-2024-YER\Code\Application Demonstration\lib\bin\api-ms-win-core-errorhandling-l1-1-0.dll
0x0000026b5aed0000 - 0x0000026b5aed4000 	D:\TPI-2024-YER\Code\Application Demonstration\lib\bin\api-ms-win-core-file-l1-1-0.dll
0x0000026b5aee0000 - 0x0000026b5aee3000 	D:\TPI-2024-YER\Code\Application Demonstration\lib\bin\api-ms-win-core-file-l1-2-0.dll
0x0000026b5aef0000 - 0x0000026b5aef3000 	D:\TPI-2024-YER\Code\Application Demonstration\lib\bin\api-ms-win-core-file-l2-1-0.dll
0x0000026b5af00000 - 0x0000026b5af03000 	D:\TPI-2024-YER\Code\Application Demonstration\lib\bin\api-ms-win-core-handle-l1-1-0.dll
0x0000026b5af10000 - 0x0000026b5af13000 	D:\TPI-2024-YER\Code\Application Demonstration\lib\bin\api-ms-win-core-heap-l1-1-0.dll
0x0000026b5af20000 - 0x0000026b5af23000 	D:\TPI-2024-YER\Code\Application Demonstration\lib\bin\api-ms-win-core-interlocked-l1-1-0.dll
0x0000026b5af30000 - 0x0000026b5af33000 	D:\TPI-2024-YER\Code\Application Demonstration\lib\bin\api-ms-win-core-libraryloader-l1-1-0.dll
0x0000026b5af40000 - 0x0000026b5af43000 	D:\TPI-2024-YER\Code\Application Demonstration\lib\bin\api-ms-win-core-localization-l1-2-0.dll
0x0000026b5af50000 - 0x0000026b5af53000 	D:\TPI-2024-YER\Code\Application Demonstration\lib\bin\api-ms-win-core-memory-l1-1-0.dll
0x0000026b5af60000 - 0x0000026b5af63000 	D:\TPI-2024-YER\Code\Application Demonstration\lib\bin\api-ms-win-core-namedpipe-l1-1-0.dll
0x0000026b7fac0000 - 0x0000026b7fac3000 	D:\TPI-2024-YER\Code\Application Demonstration\lib\bin\api-ms-win-core-processenvironment-l1-1-0.dll
0x0000026b7fad0000 - 0x0000026b7fad3000 	D:\TPI-2024-YER\Code\Application Demonstration\lib\bin\api-ms-win-core-processthreads-l1-1-0.dll
0x0000026b7fae0000 - 0x0000026b7fae3000 	D:\TPI-2024-YER\Code\Application Demonstration\lib\bin\api-ms-win-core-processthreads-l1-1-1.dll
0x0000026b7faf0000 - 0x0000026b7faf3000 	D:\TPI-2024-YER\Code\Application Demonstration\lib\bin\api-ms-win-core-profile-l1-1-0.dll
0x0000026b7fb00000 - 0x0000026b7fb03000 	D:\TPI-2024-YER\Code\Application Demonstration\lib\bin\api-ms-win-core-rtlsupport-l1-1-0.dll
0x0000026b7fb10000 - 0x0000026b7fb13000 	D:\TPI-2024-YER\Code\Application Demonstration\lib\bin\api-ms-win-core-string-l1-1-0.dll
0x0000026b7fb20000 - 0x0000026b7fb23000 	D:\TPI-2024-YER\Code\Application Demonstration\lib\bin\api-ms-win-core-synch-l1-1-0.dll
0x0000026b7fb30000 - 0x0000026b7fb33000 	D:\TPI-2024-YER\Code\Application Demonstration\lib\bin\api-ms-win-core-synch-l1-2-0.dll
0x0000026b7fb40000 - 0x0000026b7fb43000 	D:\TPI-2024-YER\Code\Application Demonstration\lib\bin\api-ms-win-core-sysinfo-l1-1-0.dll
0x0000026b7fb50000 - 0x0000026b7fb53000 	D:\TPI-2024-YER\Code\Application Demonstration\lib\bin\api-ms-win-core-timezone-l1-1-0.dll
0x0000026b7fb60000 - 0x0000026b7fb63000 	D:\TPI-2024-YER\Code\Application Demonstration\lib\bin\api-ms-win-core-util-l1-1-0.dll
0x0000026b7fb70000 - 0x0000026b7fb73000 	D:\TPI-2024-YER\Code\Application Demonstration\lib\bin\api-ms-win-crt-conio-l1-1-0.dll
0x0000026b7fb80000 - 0x0000026b7fb84000 	D:\TPI-2024-YER\Code\Application Demonstration\lib\bin\api-ms-win-crt-convert-l1-1-0.dll
0x0000026b7fb90000 - 0x0000026b7fb93000 	D:\TPI-2024-YER\Code\Application Demonstration\lib\bin\api-ms-win-crt-environment-l1-1-0.dll
0x0000026b7fba0000 - 0x0000026b7fba3000 	D:\TPI-2024-YER\Code\Application Demonstration\lib\bin\api-ms-win-crt-filesystem-l1-1-0.dll
0x0000026b7fbb0000 - 0x0000026b7fbb3000 	D:\TPI-2024-YER\Code\Application Demonstration\lib\bin\api-ms-win-crt-heap-l1-1-0.dll
0x0000026b7fbc0000 - 0x0000026b7fbc3000 	D:\TPI-2024-YER\Code\Application Demonstration\lib\bin\api-ms-win-crt-locale-l1-1-0.dll
0x0000026b7fbd0000 - 0x0000026b7fbd5000 	D:\TPI-2024-YER\Code\Application Demonstration\lib\bin\api-ms-win-crt-math-l1-1-0.dll
0x0000026b7fbe0000 - 0x0000026b7fbe5000 	D:\TPI-2024-YER\Code\Application Demonstration\lib\bin\api-ms-win-crt-multibyte-l1-1-0.dll
0x0000026b7fbf0000 - 0x0000026b7fc00000 	D:\TPI-2024-YER\Code\Application Demonstration\lib\bin\api-ms-win-crt-private-l1-1-0.dll
0x0000026b7fc00000 - 0x0000026b7fc03000 	D:\TPI-2024-YER\Code\Application Demonstration\lib\bin\api-ms-win-crt-process-l1-1-0.dll
0x0000026b7fc10000 - 0x0000026b7fc14000 	D:\TPI-2024-YER\Code\Application Demonstration\lib\bin\api-ms-win-crt-runtime-l1-1-0.dll
0x0000026b7fc20000 - 0x0000026b7fc24000 	D:\TPI-2024-YER\Code\Application Demonstration\lib\bin\api-ms-win-crt-stdio-l1-1-0.dll
0x0000026b7fc30000 - 0x0000026b7fc34000 	D:\TPI-2024-YER\Code\Application Demonstration\lib\bin\api-ms-win-crt-string-l1-1-0.dll
0x0000026b7fc40000 - 0x0000026b7fc43000 	D:\TPI-2024-YER\Code\Application Demonstration\lib\bin\api-ms-win-crt-time-l1-1-0.dll
0x0000026b7fc50000 - 0x0000026b7fc53000 	D:\TPI-2024-YER\Code\Application Demonstration\lib\bin\api-ms-win-crt-utility-l1-1-0.dll
0x00007fff19180000 - 0x00007fff1927c000 	D:\TPI-2024-YER\Code\Application Demonstration\lib\bin\ucrtbase.dll
0x00007fff34e80000 - 0x00007fff34e9b000 	D:\TPI-2024-YER\Code\Application Demonstration\lib\bin\vcruntime140.dll
0x00007fff44ae0000 - 0x00007fff44aec000 	D:\TPI-2024-YER\Code\Application Demonstration\lib\bin\vcruntime140_1.dll
0x00007fff1ad40000 - 0x00007fff1adce000 	D:\TPI-2024-YER\Code\Application Demonstration\lib\bin\msvcp140.dll
0x00007fff442c0000 - 0x00007fff442c9000 	D:\TPI-2024-YER\Code\Application Demonstration\lib\bin\msvcp140_1.dll
0x00007fff24480000 - 0x00007fff244b0000 	D:\TPI-2024-YER\Code\Application Demonstration\lib\bin\msvcp140_2.dll
0x00007fff1d410000 - 0x00007fff1d43a000 	D:\TPI-2024-YER\Code\Application Demonstration\lib\bin\prism_d3d.dll
0x00007fff11320000 - 0x00007fff114ed000 	C:\WINDOWS\system32\d3d9.dll
0x00007fff474e0000 - 0x00007fff4750f000 	C:\WINDOWS\SYSTEM32\dwmapi.dll
0x00007fff471a0000 - 0x00007fff4723e000 	C:\WINDOWS\system32\uxtheme.dll
0x00007fff3cec0000 - 0x00007fff3cf7e000 	C:\WINDOWS\System32\DriverStore\FileRepository\nvwuwi.inf_amd64_3989f8c820179473\nvldumdx.dll
0x00007fff496e0000 - 0x00007fff496f2000 	C:\WINDOWS\SYSTEM32\msasn1.dll
0x00007fff412d0000 - 0x00007fff41301000 	C:\WINDOWS\SYSTEM32\cryptnet.dll
0x00007fff49b10000 - 0x00007fff49c6d000 	C:\WINDOWS\System32\CRYPT32.dll
0x00007fff40a90000 - 0x00007fff40bd8000 	C:\WINDOWS\SYSTEM32\drvstore.dll
0x00007fff498a0000 - 0x00007fff498d3000 	C:\WINDOWS\SYSTEM32\devobj.dll
0x00007fff49c70000 - 0x00007fff49cbe000 	C:\WINDOWS\System32\cfgmgr32.dll
0x00007fff493e0000 - 0x00007fff493ec000 	C:\WINDOWS\SYSTEM32\cryptbase.dll
0x00007fff49e40000 - 0x00007fff49ea7000 	C:\WINDOWS\System32\wintrust.dll
0x00007fff4acb0000 - 0x00007fff4accd000 	C:\WINDOWS\System32\imagehlp.dll
0x00007fff494b0000 - 0x00007fff494c8000 	C:\WINDOWS\SYSTEM32\CRYPTSP.dll
0x00007fff48a20000 - 0x00007fff48a54000 	C:\WINDOWS\system32\rsaenh.dll
0x00007fff4a460000 - 0x00007fff4a487000 	C:\WINDOWS\System32\bcrypt.dll
0x00007fff36d30000 - 0x00007fff38f4d000 	C:\WINDOWS\System32\DriverStore\FileRepository\nvwuwi.inf_amd64_3989f8c820179473\nvgpucomp64.dll
0x00007fff0e3a0000 - 0x00007fff1074f000 	C:\WINDOWS\System32\DriverStore\FileRepository\nvwuwi.inf_amd64_3989f8c820179473\nvd3dumx.dll
0x00007fff1b290000 - 0x00007fff1b2d2000 	D:\TPI-2024-YER\Code\Application Demonstration\lib\bin\glass.dll
0x00007fff4a4f0000 - 0x00007fff4a5ca000 	C:\WINDOWS\System32\COMDLG32.dll
0x00007fff4b640000 - 0x00007fff4b76b000 	C:\WINDOWS\System32\ole32.dll
0x00007fff4afe0000 - 0x00007fff4b0ad000 	C:\WINDOWS\System32\OLEAUT32.dll
0x00007fff4b180000 - 0x00007fff4b294000 	C:\WINDOWS\System32\MSCTF.dll
0x00007fff484a0000 - 0x00007fff484c3000 	C:\WINDOWS\SYSTEM32\gpapi.dll
0x00007fff43a60000 - 0x00007fff43a9b000 	C:\WINDOWS\SYSTEM32\dxcore.dll
0x00007fff2d6a0000 - 0x00007fff2d6b4000 	D:\TPI-2024-YER\Code\Application Demonstration\lib\bin\javafx_font.dll
0x00007fff20c40000 - 0x00007fff20ebf000 	C:\WINDOWS\SYSTEM32\dwrite.dll
0x00007fff4ad90000 - 0x00007fff4ae39000 	C:\WINDOWS\System32\clbcatq.dll
0x00007fff425c0000 - 0x00007fff42774000 	C:\WINDOWS\SYSTEM32\WindowsCodecs.dll
0x00007fff0c4c0000 - 0x00007fff0c4fe000 	C:\WINDOWS\system32\dataexchange.dll
0x00007fff45f30000 - 0x00007fff46113000 	C:\WINDOWS\system32\dcomp.dll
0x00007fff45460000 - 0x00007fff456c3000 	C:\WINDOWS\system32\d3d11.dll
0x00007fff48150000 - 0x00007fff48243000 	C:\WINDOWS\system32\dxgi.dll
0x00007fff428e0000 - 0x00007fff42ae3000 	C:\WINDOWS\system32\twinapi.appcore.dll
0x00007fff1cf80000 - 0x00007fff1cfb4000 	C:\Program Files\Common Files\Microsoft Shared\Ink\rtscom.dll
0x00007fff23af0000 - 0x00007fff23be9000 	C:\WINDOWS\SYSTEM32\textinputframework.dll

dbghelp: loaded successfully - version: 4.0.5 - missing functions: none
symbol engine: initialized successfully - sym options: 0x614 - pdb path: .;C:\Program Files\Eclipse Adoptium\jdk-17.0.7.7-hotspot\bin;C:\WINDOWS\SYSTEM32;C:\WINDOWS\WinSxS\amd64_microsoft.windows.common-controls_6595b64144ccf1df_6.0.19041.3636_none_60b6a03d71f818d5;C:\Program Files\Eclipse Adoptium\jdk-17.0.7.7-hotspot\bin\server;D:\TPI-2024-YER\Code\Application Demonstration\lib\bin;C:\WINDOWS\System32\DriverStore\FileRepository\nvwuwi.inf_amd64_3989f8c820179473;C:\Program Files\Common Files\Microsoft Shared\Ink;C:\WINDOWS\SysWOW64;C:\Program Files\Bonjour;D:\TPI-2024-YER\Code\Application Demonstration

VM Arguments:
jvm_args: -Dfile.encoding=UTF-8 
java_command: ch.emf.Application_Demonstration.app.App
java_class_path (initial): D:\TPI-2024-YER\Code\Application Demonstration\lib\lib\javafx-swt.jar;D:\TPI-2024-YER\Code\Application Demonstration\lib\lib\javafx.base.jar;D:\TPI-2024-YER\Code\Application Demonstration\lib\lib\javafx.controls.jar;D:\TPI-2024-YER\Code\Application Demonstration\lib\lib\javafx.fxml.jar;D:\TPI-2024-YER\Code\Application Demonstration\lib\lib\javafx.graphics.jar;D:\TPI-2024-YER\Code\Application Demonstration\lib\lib\javafx.media.jar;D:\TPI-2024-YER\Code\Application Demonstration\lib\lib\javafx.swing.jar;D:\TPI-2024-YER\Code\Application Demonstration\lib\lib\javafx.web.jar;D:\TPI-2024-YER\Code\Application Demonstration\lib\lib\Java-WebSocket-1.5.4.jar;D:\TPI-2024-YER\Code\Application Demonstration\lib\lib\Thymio_Java_Connect.jar;D:\TPI-2024-YER\Code\Application Demonstration\lib\lib\XboxController.jar;D:\TPI-2024-YER\Code\Application Demonstration\lib\lib\dronecontroller-0.2.0-javadoc.jar;D:\TPI-2024-YER\Code\Application Demonstration\lib\lib\dronecontroller-0.2.0-sources.jar;D:\TPI-2024-YER\Code\Application Demonstration\lib\lib\dronecontroller-0.2.0.jar;D:\TPI-2024-YER\Code\Application Demonstration\lib\lib\flatbuffers-java-23.5.26.jar;D:\TPI-2024-YER\Code\Application Demonstration\lib\lib\slf4j-api-2.0.9.jar;D:\TPI-2024-YER\Code\Application Demonstration\lib\lib\log4j-core-2.5.jar;D:\TPI-2024-YER\Code\Application Demonstration\lib\lib\log4j-slf4j-impl-2.5.jar;D:\TPI-2024-YER\Code\Application Demonstration\lib\lib\jackson-annotations-2.7.0.jar;D:\TPI-2024-YER\Code\Application Demonstration\lib\lib\jackson-core-2.7.3.jar;D:\TPI-2024-YER\Code\Application Demonstration\lib\lib\jackson-databind-2.7.3.jar;D:\TPI-2024-YER\Code\Application Demonstration\lib\lib\jaw.jar;D:\TPI-2024-YER\TT-XBox\lib\slf4j-api-1.7.19.jar;D:\TPI-2024-YER\Code\Application Demonstration\build\classes
Launcher Type: SUN_STANDARD

[Global flags]
     intx CICompilerCount                          = 12                                        {product} {ergonomic}
     uint ConcGCThreads                            = 4                                         {product} {ergonomic}
     uint G1ConcRefinementThreads                  = 15                                        {product} {ergonomic}
   size_t G1HeapRegionSize                         = 2097152                                   {product} {ergonomic}
    uintx GCDrainStackTargetSize                   = 64                                        {product} {ergonomic}
   size_t InitialHeapSize                          = 264241152                                 {product} {ergonomic}
   size_t MarkStackSize                            = 4194304                                   {product} {ergonomic}
   size_t MaxHeapSize                              = 4219469824                                {product} {ergonomic}
   size_t MaxNewSize                               = 2531262464                                {product} {ergonomic}
   size_t MinHeapDeltaBytes                        = 2097152                                   {product} {ergonomic}
   size_t MinHeapSize                              = 8388608                                   {product} {ergonomic}
    uintx NonNMethodCodeHeapSize                   = 7602480                                {pd product} {ergonomic}
    uintx NonProfiledCodeHeapSize                  = 122027880                              {pd product} {ergonomic}
    uintx ProfiledCodeHeapSize                     = 122027880                              {pd product} {ergonomic}
    uintx ReservedCodeCacheSize                    = 251658240                              {pd product} {ergonomic}
     bool SegmentedCodeCache                       = true                                      {product} {ergonomic}
   size_t SoftMaxHeapSize                          = 4219469824                             {manageable} {ergonomic}
     bool UseCompressedClassPointers               = true                           {product lp64_product} {ergonomic}
     bool UseCompressedOops                        = true                           {product lp64_product} {ergonomic}
     bool UseG1GC                                  = true                                      {product} {ergonomic}
     bool UseLargePagesIndividualAllocation        = false                                  {pd product} {ergonomic}

Logging:
Log output configuration:
 #0: stdout all=warning uptime,level,tags
 #1: stderr all=off uptime,level,tags

Environment Variables:
JAVA_HOME=C:\Program Files\Eclipse Adoptium\jdk-17.0.7.7-hotspot\
PATH=C:\Program Files\Common Files\Oracle\Java\javapath;C:\Program Files (x86)\Common Files\Oracle\Java\javapath;C:\Program Files (x86)\Common Files\Intel\Shared Libraries\redist\intel64\compiler;C:\Program Files\Python311\Scripts\;C:\Program Files\Python311\;C:\Program Files\Eclipse Adoptium\jdk-17.0.7.7-hotspot\bin;C:\Program Files (x86)\VMware\VMware Workstation\bin\;C:\WINDOWS\system32;C:\WINDOWS;C:\WINDOWS\System32\Wbem;C:\WINDOWS\System32\WindowsPowerShell\v1.0\;C:\WINDOWS\System32\OpenSSH\;C:\Program Files\WindowsPowerShell\Scripts\HP.ClientScriptLibrary;C:\Program Files\Microsoft VS Code\bin;C:\Program Files\PuTTY\;C:\Program Files\dotnet\;C:\ProgramData\chocolatey\bin;C:\Program Files\Git\cmd;C:\Program Files (x86)\sqlite3;C:\Users\YerlyT04\AppData\Local\Microsoft\WindowsApps;C:\Users\YerlyT04\AppData\Local\GitHubDesktop\bin
USERNAME=YerlyT04
OS=Windows_NT
PROCESSOR_IDENTIFIER=Intel64 Family 6 Model 151 Stepping 2, GenuineIntel
TMP=C:\Users\YerlyT04\AppData\Local\Temp
TEMP=C:\Users\YerlyT04\AppData\Local\Temp



---------------  S Y S T E M  ---------------

OS:
 Windows 10 , 64 bit Build 19041 (10.0.19041.3636)
OS uptime: 0 days 0:48 hours
Hyper-V role detected

CPU: total 20 (initial active 20) (10 cores per cpu, 2 threads per core) family 6 model 151 stepping 2 microcode 0x25, cx8, cmov, fxsr, ht, mmx, 3dnowpref, sse, sse2, sse3, ssse3, sse4.1, sse4.2, popcnt, lzcnt, tsc, tscinvbit, avx, avx2, aes, erms, clmul, bmi1, bmi2, adx, sha, fma, vzeroupper, clflush, clflushopt, clwb, hv

Memory: 4k page, system-wide physical 16089M (7711M free)
TotalPageFile size 18521M (AvailPageFile size 5262M)
current process WorkingSet (physical memory assigned to process): 149M, peak: 154M
current process commit charge ("private bytes"): 450M, peak: 454M

vm_info: OpenJDK 64-Bit Server VM (17.0.7+7) for windows-amd64 JRE (17.0.7+7), built on Apr 18 2023 22:10:42 by "temurin" with MS VC++ 16.7 (VS2019)

END.
